<?xml version="1.0" encoding="UTF-8"?>
<!-- Generated by org.testng.reporters.JUnitXMLReporter -->
<testsuite ignored="0" hostname="LAPTOP-CHSSCJRG" failures="0" tests="3" name="Default test" time="4.802" errors="0" timestamp="2023-06-28T03:58:49 MYT">
  <testcase classname="TestCases.TestCase" name="TC001" time="0.004"/>
  <testcase classname="TestCases.TestCase" name="TC002" time="0.001"/>
  <testcase classname="TestCases.TestCase" name="TC003" time="0.001"/>
</testsuite> <!-- Default test -->
