<?xml version="1.0" encoding="UTF-8"?>
<testng-results ignored="0" total="3" passed="3" failed="0" skipped="0">
  <reporter-output>
  </reporter-output>
  <suite started-at="2023-06-28T02:48:43 MYT" name="Demo Web App test suite" finished-at="2023-06-28T02:48:46 MYT" duration-ms="3109">
    <groups>
    </groups>
    <test started-at="2023-06-28T02:48:43 MYT" name="TestCase" finished-at="2023-06-28T02:48:46 MYT" duration-ms="3109">
      <class name="TestCases.TestCase">
        <test-method is-config="true" signature="LaunchQDPM()[pri:0, instance:TestCases.TestCase@17f62e33]" started-at="2023-06-28T02:48:43 MYT" name="LaunchQDPM" finished-at="2023-06-28T02:48:46 MYT" duration-ms="2765" status="PASS">
          <reporter-output>
          </reporter-output>
        </test-method> <!-- LaunchQDPM -->
        <test-method is-config="true" signature="LaunchQDPM()[pri:0, instance:TestCases.TestCase@17f62e33]" started-at="2023-06-28T02:48:43 MYT" name="LaunchQDPM" finished-at="2023-06-28T02:48:46 MYT" duration-ms="2982" status="PASS">
          <reporter-output>
          </reporter-output>
        </test-method> <!-- LaunchQDPM -->
        <test-method is-config="true" signature="LaunchQDPM()[pri:0, instance:TestCases.TestCase@17f62e33]" started-at="2023-06-28T02:48:43 MYT" name="LaunchQDPM" finished-at="2023-06-28T02:48:46 MYT" duration-ms="2717" status="PASS">
          <reporter-output>
          </reporter-output>
        </test-method> <!-- LaunchQDPM -->
        <test-method signature="TC001()[pri:0, instance:TestCases.TestCase@17f62e33]" started-at="2023-06-28T02:48:46 MYT" name="TC001" finished-at="2023-06-28T02:48:46 MYT" duration-ms="6" status="PASS">
          <reporter-output>
          </reporter-output>
        </test-method> <!-- TC001 -->
        <test-method is-config="true" signature="tearDown()[pri:0, instance:TestCases.TestCase@17f62e33]" started-at="2023-06-28T02:48:46 MYT" name="tearDown" finished-at="2023-06-28T02:48:46 MYT" duration-ms="65" status="PASS">
          <reporter-output>
          </reporter-output>
        </test-method> <!-- tearDown -->
        <test-method signature="TC003()[pri:0, instance:TestCases.TestCase@17f62e33]" started-at="2023-06-28T02:48:46 MYT" name="TC003" finished-at="2023-06-28T02:48:46 MYT" duration-ms="1" status="PASS">
          <reporter-output>
          </reporter-output>
        </test-method> <!-- TC003 -->
        <test-method is-config="true" signature="tearDown()[pri:0, instance:TestCases.TestCase@17f62e33]" started-at="2023-06-28T02:48:46 MYT" name="tearDown" finished-at="2023-06-28T02:48:46 MYT" duration-ms="53" status="PASS">
          <reporter-output>
          </reporter-output>
        </test-method> <!-- tearDown -->
        <test-method signature="TC002()[pri:0, instance:TestCases.TestCase@17f62e33]" started-at="2023-06-28T02:48:46 MYT" name="TC002" finished-at="2023-06-28T02:48:46 MYT" duration-ms="1" status="PASS">
          <reporter-output>
          </reporter-output>
        </test-method> <!-- TC002 -->
        <test-method is-config="true" signature="tearDown()[pri:0, instance:TestCases.TestCase@17f62e33]" started-at="2023-06-28T02:48:46 MYT" name="tearDown" finished-at="2023-06-28T02:48:46 MYT" duration-ms="82" status="PASS">
          <reporter-output>
          </reporter-output>
        </test-method> <!-- tearDown -->
      </class> <!-- TestCases.TestCase -->
    </test> <!-- TestCase -->
  </suite> <!-- Demo Web App test suite -->
</testng-results>
